<?xml version="1.0" encoding="UTF-8"?>
<!-- Generated by org.testng.reporters.JUnitXMLReporter -->
<testsuite hostname="LAPTOP-OMLHUL9G" ignored="0" name="Test" tests="25" failures="11" timestamp="2021-04-19T10:49:34 IST" time="92.516" errors="0">
  <testcase name="checkUserCreation" time="7.04" classname="Assignment.ReqResTesting.CreateUserTest">
    <failure type="java.lang.AssertionError" message="expected [400] but found [201]">
      <![CDATA[java.lang.AssertionError: expected [400] but found [201]
at Assignment.ReqResTesting.CreateUserTest.checkUserCreation(CreateUserTest.java:44)
at java.util.ArrayList.forEach(ArrayList.java:1249)
... Removed 37 stack frames]]>
    </failure>
  </testcase> <!-- checkUserCreation -->
  <testcase name="checkUserCreation" time="4.37" classname="Assignment.ReqResTesting.CreateUserTest"/>
  <testcase name="checkUserCreation" time="3.496" classname="Assignment.ReqResTesting.CreateUserTest"/>
  <testcase name="checkUserCreation" time="3.96" classname="Assignment.ReqResTesting.CreateUserTest"/>
  <testcase name="checkUserCreationWithWrongBody" time="3.434" classname="Assignment.ReqResTesting.CreateUserTest">
    <failure type="java.lang.AssertionError" message="expected [400] but found [201]">
      <![CDATA[java.lang.AssertionError: expected [400] but found [201]
at Assignment.ReqResTesting.CreateUserTest.checkUserCreationWithWrongBody(CreateUserTest.java:70)
at java.util.ArrayList.forEach(ArrayList.java:1249)
... Removed 37 stack frames]]>
    </failure>
  </testcase> <!-- checkUserCreationWithWrongBody -->
  <testcase name="checkUserCreationWithWrongBody" time="2.905" classname="Assignment.ReqResTesting.CreateUserTest">
    <failure type="java.lang.AssertionError" message="expected [400] but found [201]">
      <![CDATA[java.lang.AssertionError: expected [400] but found [201]
at Assignment.ReqResTesting.CreateUserTest.checkUserCreationWithWrongBody(CreateUserTest.java:70)
at java.util.ArrayList.forEach(ArrayList.java:1249)
... Removed 37 stack frames]]>
    </failure>
  </testcase> <!-- checkUserCreationWithWrongBody -->
  <testcase name="checkUserCreationWithWrongBody" time="2.779" classname="Assignment.ReqResTesting.CreateUserTest">
    <failure type="java.lang.AssertionError" message="expected [400] but found [201]">
      <![CDATA[java.lang.AssertionError: expected [400] but found [201]
at Assignment.ReqResTesting.CreateUserTest.checkUserCreationWithWrongBody(CreateUserTest.java:70)
at java.util.ArrayList.forEach(ArrayList.java:1249)
... Removed 37 stack frames]]>
    </failure>
  </testcase> <!-- checkUserCreationWithWrongBody -->
  <testcase name="checkUserCreationWithWrongBody" time="2.78" classname="Assignment.ReqResTesting.CreateUserTest">
    <failure type="java.lang.AssertionError" message="expected [400] but found [201]">
      <![CDATA[java.lang.AssertionError: expected [400] but found [201]
at Assignment.ReqResTesting.CreateUserTest.checkUserCreationWithWrongBody(CreateUserTest.java:70)
at java.util.ArrayList.forEach(ArrayList.java:1249)
... Removed 37 stack frames]]>
    </failure>
  </testcase> <!-- checkUserCreationWithWrongBody -->
  <testcase name="deleteUser" time="2.817" classname="Assignment.ReqResTesting.DeleteUserTest"/>
  <testcase name="deleteUserWithWrongId" time="2.785" classname="Assignment.ReqResTesting.DeleteUserTest">
    <failure type="java.lang.AssertionError" message="expected [400] but found [204]">
      <![CDATA[java.lang.AssertionError: expected [400] but found [204]
at Assignment.ReqResTesting.DeleteUserTest.deleteUserWithWrongId(DeleteUserTest.java:49)
at java.util.ArrayList.forEach(ArrayList.java:1249)
... Removed 37 stack frames]]>
    </failure>
  </testcase> <!-- deleteUserWithWrongId -->
  <testcase name="checkListOfusers" time="7.255" classname="Assignment.ReqResTesting.GetListOfUsersTest"/>
  <testcase name="checkListOfusersWithoutQueryParam" time="5.745" classname="Assignment.ReqResTesting.GetListOfUsersTest">
    <failure type="java.lang.AssertionError" message="expected [12] but found [6]">
      <![CDATA[java.lang.AssertionError: expected [12] but found [6]
at Assignment.ReqResTesting.GetListOfUsersTest.checkListOfusersWithoutQueryParam(GetListOfUsersTest.java:87)
at java.util.ArrayList.forEach(ArrayList.java:1249)
... Removed 37 stack frames]]>
    </failure>
  </testcase> <!-- checkListOfusersWithoutQueryParam -->
  <testcase name="checkListOfuserswithInvalidPage" time="2.656" classname="Assignment.ReqResTesting.GetListOfUsersTest">
    <failure type="java.lang.AssertionError" message="expected [400] but found [200]">
      <![CDATA[java.lang.AssertionError: expected [400] but found [200]
at Assignment.ReqResTesting.GetListOfUsersTest.checkListOfuserswithInvalidPage(GetListOfUsersTest.java:67)
at java.util.ArrayList.forEach(ArrayList.java:1249)
... Removed 37 stack frames]]>
    </failure>
  </testcase> <!-- checkListOfuserswithInvalidPage -->
  <testcase name="loginCheckForRegisteredUser" time="2.859" classname="Assignment.ReqResTesting.LoginTest"/>
  <testcase name="loginCheckForRegisteredUser" time="2.97" classname="Assignment.ReqResTesting.LoginTest"/>
  <testcase name="loginCheckForRegisteredUser" time="2.82" classname="Assignment.ReqResTesting.LoginTest"/>
  <testcase name="loginCheckForRegisteredUser" time="2.819" classname="Assignment.ReqResTesting.LoginTest"/>
  <testcase name="loginCheckForUnRegisteredUser" time="2.844" classname="Assignment.ReqResTesting.LoginTest"/>
  <testcase name="loginCheckWithWrongHttpMethod" time="2.457" classname="Assignment.ReqResTesting.LoginTest">
    <failure type="java.lang.AssertionError" message="expected [405] but found [200]">
      <![CDATA[java.lang.AssertionError: expected [405] but found [200]
at Assignment.ReqResTesting.LoginTest.loginCheckWithWrongHttpMethod(LoginTest.java:86)
at java.util.ArrayList.forEach(ArrayList.java:1249)
... Removed 37 stack frames]]>
    </failure>
  </testcase> <!-- loginCheckWithWrongHttpMethod -->
  <testcase name="loginCheckWithWrongPassword" time="3.724" classname="Assignment.ReqResTesting.LoginTest">
    <failure type="java.lang.AssertionError" message="expected [401] but found [200]">
      <![CDATA[java.lang.AssertionError: expected [401] but found [200]
at Assignment.ReqResTesting.LoginTest.loginCheckWithWrongPassword(LoginTest.java:73)
at java.util.ArrayList.forEach(ArrayList.java:1249)
... Removed 37 stack frames]]>
    </failure>
  </testcase> <!-- loginCheckWithWrongPassword -->
  <testcase name="loginCheckWithWrongHttpMethod" time="2.275" classname="Assignment.ReqResTesting.RegisterTest">
    <failure type="java.lang.AssertionError" message="expected [405] but found [200]">
      <![CDATA[java.lang.AssertionError: expected [405] but found [200]
at Assignment.ReqResTesting.RegisterTest.loginCheckWithWrongHttpMethod(RegisterTest.java:69)
at java.util.ArrayList.forEach(ArrayList.java:1249)
... Removed 37 stack frames]]>
    </failure>
  </testcase> <!-- loginCheckWithWrongHttpMethod -->
  <testcase name="m1" time="2.815" classname="Assignment.ReqResTesting.RegisterTest"/>
  <testcase name="m1" time="2.78" classname="Assignment.ReqResTesting.RegisterTest"/>
  <testcase name="m1" time="2.95" classname="Assignment.ReqResTesting.RegisterTest"/>
  <testcase name="m1" time="2.825" classname="Assignment.ReqResTesting.RegisterTest"/>
</testsuite> <!-- Test -->
